Started GET "/" for 127.0.0.1 at 2017-05-21 08:26:56 -0700
Processing by Rails::WelcomeController#index as HTML
  Parameters: {"internal"=>true}
  Rendering /Users/sejin/.rvm/gems/ruby-2.4.0/gems/railties-5.0.3/lib/rails/templates/rails/welcome/index.html.erb
  Rendered /Users/sejin/.rvm/gems/ruby-2.4.0/gems/railties-5.0.3/lib/rails/templates/rails/welcome/index.html.erb (4.0ms)
Completed 200 OK in 22ms (Views: 10.0ms | ActiveRecord: 0.0ms)


  [1m[35m (42.0ms)[0m  [1m[35mCREATE TABLE "schema_migrations" ("version" character varying PRIMARY KEY)[0m
  [1m[35m (3.6ms)[0m  [1m[35mCREATE TABLE "ar_internal_metadata" ("key" character varying PRIMARY KEY, "value" character varying, "created_at" timestamp NOT NULL, "updated_at" timestamp NOT NULL)[0m
  [1m[35m (6.8ms)[0m  [1m[34mSELECT pg_try_advisory_lock(4948178590284160560);[0m
  [1m[36mActiveRecord::SchemaMigration Load (0.6ms)[0m  [1m[34mSELECT "schema_migrations".* FROM "schema_migrations"[0m
Migrating to CreateCreatures (20170522023015)
  [1m[35m (0.2ms)[0m  [1m[35mBEGIN[0m
  [1m[35m (15.1ms)[0m  [1m[35mCREATE TABLE "creatures" ("id" serial primary key, "name" character varying, "description" character varying, "created_at" timestamp NOT NULL, "updated_at" timestamp NOT NULL)[0m
  [1m[35mSQL (2.5ms)[0m  [1m[32mINSERT INTO "schema_migrations" ("version") VALUES ($1) RETURNING "version"[0m  [["version", "20170522023015"]]
  [1m[35m (0.6ms)[0m  [1m[35mCOMMIT[0m
  [1m[36mActiveRecord::InternalMetadata Load (1.0ms)[0m  [1m[34mSELECT  "ar_internal_metadata".* FROM "ar_internal_metadata" WHERE "ar_internal_metadata"."key" = $1 LIMIT $2[0m  [["key", "environment"], ["LIMIT", 1]]
  [1m[35m (0.2ms)[0m  [1m[35mBEGIN[0m
  [1m[35mSQL (1.0ms)[0m  [1m[32mINSERT INTO "ar_internal_metadata" ("key", "value", "created_at", "updated_at") VALUES ($1, $2, $3, $4) RETURNING "key"[0m  [["key", "environment"], ["value", "development"], ["created_at", "2017-05-22 02:30:31.106181"], ["updated_at", "2017-05-22 02:30:31.106181"]]
  [1m[35m (0.3ms)[0m  [1m[35mCOMMIT[0m
  [1m[35m (0.2ms)[0m  [1m[34mSELECT pg_advisory_unlock(4948178590284160560)[0m
  [1m[36mActiveRecord::SchemaMigration Load (2.9ms)[0m  [1m[34mSELECT "schema_migrations".* FROM "schema_migrations"[0m
  [1m[35m (0.2ms)[0m  [1m[35mBEGIN[0m
  [1m[35mSQL (1.7ms)[0m  [1m[32mINSERT INTO "creatures" ("name", "description", "created_at", "updated_at") VALUES ($1, $2, $3, $4) RETURNING "id"[0m  [["name", "Yoda"], ["description", "Little green man"], ["created_at", "2017-05-22 02:30:56.481844"], ["updated_at", "2017-05-22 02:30:56.481844"]]
  [1m[35m (0.4ms)[0m  [1m[35mCOMMIT[0m
Started GET "/" for 127.0.0.1 at 2017-05-21 21:58:48 -0700
  [1m[36mActiveRecord::SchemaMigration Load (1.0ms)[0m  [1m[34mSELECT "schema_migrations".* FROM "schema_migrations"[0m
Processing by CreaturesController#index as HTML
  Rendering creatures/index.html.erb within layouts/application
  [1m[36mCreature Load (0.4ms)[0m  [1m[34mSELECT "creatures".* FROM "creatures"[0m
  Rendered creatures/index.html.erb within layouts/application (9.6ms)
Completed 200 OK in 19ms (Views: 11.0ms | ActiveRecord: 3.3ms)


Started GET "/" for 127.0.0.1 at 2017-05-21 22:00:33 -0700
Processing by CreaturesController#index as HTML
  Rendering creatures/index.html.erb within layouts/application
  [1m[36mCreature Load (0.6ms)[0m  [1m[34mSELECT "creatures".* FROM "creatures"[0m
  Rendered creatures/index.html.erb within layouts/application (2.4ms)
Completed 500 Internal Server Error in 171ms (ActiveRecord: 0.6ms)


  
ActionView::Template::Error (require_self can only be called once per source file):
    4:     <title>BogApp</title>
    5:     <%= csrf_meta_tags %>
    6: 
    7:     <%= stylesheet_link_tag    'application', media: 'all', 'data-turbolinks-track': 'reload' %>
    8:     <%= javascript_include_tag 'application', 'data-turbolinks-track': 'reload' %>
    9:   </head>
   10: 
  
app/assets/stylesheets/application.css:24
app/views/layouts/application.html.erb:7:in `_app_views_layouts_application_html_erb__1127541859928009313_70306735510080'
  Rendering /Users/sejin/.rvm/gems/ruby-2.4.0/gems/actionpack-5.0.3/lib/action_dispatch/middleware/templates/rescues/template_error.html.erb within rescues/layout
  Rendering /Users/sejin/.rvm/gems/ruby-2.4.0/gems/actionpack-5.0.3/lib/action_dispatch/middleware/templates/rescues/_source.html.erb
  Rendered /Users/sejin/.rvm/gems/ruby-2.4.0/gems/actionpack-5.0.3/lib/action_dispatch/middleware/templates/rescues/_source.html.erb (6.2ms)
  Rendering /Users/sejin/.rvm/gems/ruby-2.4.0/gems/actionpack-5.0.3/lib/action_dispatch/middleware/templates/rescues/_trace.html.erb
  Rendered /Users/sejin/.rvm/gems/ruby-2.4.0/gems/actionpack-5.0.3/lib/action_dispatch/middleware/templates/rescues/_trace.html.erb (2.7ms)
  Rendering /Users/sejin/.rvm/gems/ruby-2.4.0/gems/actionpack-5.0.3/lib/action_dispatch/middleware/templates/rescues/_request_and_response.html.erb
  Rendered /Users/sejin/.rvm/gems/ruby-2.4.0/gems/actionpack-5.0.3/lib/action_dispatch/middleware/templates/rescues/_request_and_response.html.erb (0.7ms)
  Rendered /Users/sejin/.rvm/gems/ruby-2.4.0/gems/actionpack-5.0.3/lib/action_dispatch/middleware/templates/rescues/template_error.html.erb within rescues/layout (65.9ms)
Started GET "/" for 127.0.0.1 at 2017-05-21 22:05:29 -0700
Processing by CreaturesController#index as HTML
  Rendering creatures/index.html.erb within layouts/application
  [1m[36mCreature Load (1.5ms)[0m  [1m[34mSELECT "creatures".* FROM "creatures"[0m
  Rendered creatures/index.html.erb within layouts/application (2.7ms)
Completed 200 OK in 581ms (Views: 577.3ms | ActiveRecord: 1.5ms)


Started GET "/" for 127.0.0.1 at 2017-05-21 22:06:08 -0700
Processing by CreaturesController#index as HTML
  Rendering creatures/index.html.erb within layouts/application
  [1m[36mCreature Load (0.3ms)[0m  [1m[34mSELECT "creatures".* FROM "creatures"[0m
  Rendered creatures/index.html.erb within layouts/application (1.9ms)
Completed 200 OK in 20ms (Views: 17.1ms | ActiveRecord: 0.3ms)


Started GET "/" for 127.0.0.1 at 2017-05-21 23:55:35 -0700
Processing by CreaturesController#index as HTML
  Rendering creatures/index.html.erb within layouts/application
  [1m[36mCreature Load (0.3ms)[0m  [1m[34mSELECT "creatures".* FROM "creatures"[0m
  Rendered creatures/index.html.erb within layouts/application (5.1ms)
Completed 200 OK in 26ms (Views: 21.1ms | ActiveRecord: 0.3ms)


Started GET "/" for 127.0.0.1 at 2017-05-21 23:55:38 -0700
Processing by CreaturesController#index as HTML
  Rendering creatures/index.html.erb within layouts/application
  [1m[36mCreature Load (0.4ms)[0m  [1m[34mSELECT "creatures".* FROM "creatures"[0m
  Rendered creatures/index.html.erb within layouts/application (1.5ms)
Completed 200 OK in 20ms (Views: 17.1ms | ActiveRecord: 0.4ms)


Started GET "/creatures" for 127.0.0.1 at 2017-05-21 23:55:45 -0700
Processing by CreaturesController#index as HTML
  Rendering creatures/index.html.erb within layouts/application
  [1m[36mCreature Load (0.3ms)[0m  [1m[34mSELECT "creatures".* FROM "creatures"[0m
  Rendered creatures/index.html.erb within layouts/application (1.1ms)
Completed 200 OK in 13ms (Views: 11.8ms | ActiveRecord: 0.3ms)


Started GET "/creatures" for 127.0.0.1 at 2017-05-21 23:55:49 -0700
Processing by CreaturesController#index as HTML
  Rendering creatures/index.html.erb within layouts/application
  [1m[36mCreature Load (0.3ms)[0m  [1m[34mSELECT "creatures".* FROM "creatures"[0m
  Rendered creatures/index.html.erb within layouts/application (1.5ms)
Completed 200 OK in 20ms (Views: 17.7ms | ActiveRecord: 0.3ms)


Started GET "/creatures" for 127.0.0.1 at 2017-05-21 23:58:06 -0700
Processing by CreaturesController#index as HTML
  Rendering creatures/index.html.erb within layouts/application
  [1m[36mCreature Load (0.3ms)[0m  [1m[34mSELECT "creatures".* FROM "creatures"[0m
  Rendered creatures/index.html.erb within layouts/application (8.1ms)
Completed 200 OK in 27ms (Views: 20.0ms | ActiveRecord: 3.0ms)


Started GET "/creatures/new" for 127.0.0.1 at 2017-05-21 23:58:11 -0700
Processing by CreaturesController#new as HTML
  Rendering creatures/new.html.erb within layouts/application
  Rendered creatures/new.html.erb within layouts/application (34.9ms)
Completed 200 OK in 51ms (Views: 48.2ms | ActiveRecord: 0.0ms)


Started GET "/creatures/new" for 127.0.0.1 at 2017-05-22 00:03:51 -0700
Processing by CreaturesController#new as HTML
  Rendering creatures/new.html.erb within layouts/application
  Rendered creatures/new.html.erb within layouts/application (1.2ms)
Completed 200 OK in 32ms (Views: 22.5ms | ActiveRecord: 0.0ms)


Started POST "/creatures" for 127.0.0.1 at 2017-05-22 00:03:57 -0700
Processing by CreaturesController#create as HTML
  Parameters: {"utf8"=>"✓", "authenticity_token"=>"cT2uc+nDFVmt/6FcrDnxoaEECk5fxdGMmGvXhDliBDKF5tyFJOy+nokqvvWPyY1Gnkgi+WO3UOeFod+w1jI5sA==", "creature"=>{"name"=>"asd", "description"=>"asd"}, "commit"=>"Save Creature"}
  [1m[35m (0.1ms)[0m  [1m[35mBEGIN[0m
  [1m[35mSQL (0.7ms)[0m  [1m[32mINSERT INTO "creatures" ("name", "description", "created_at", "updated_at") VALUES ($1, $2, $3, $4) RETURNING "id"[0m  [["name", "asd"], ["description", "asd"], ["created_at", "2017-05-22 07:03:57.872759"], ["updated_at", "2017-05-22 07:03:57.872759"]]
  [1m[35m (4.1ms)[0m  [1m[35mCOMMIT[0m
Redirected to http://localhost:3000/creatures
Completed 302 Found in 8ms (ActiveRecord: 4.9ms)


Started GET "/creatures" for 127.0.0.1 at 2017-05-22 00:03:57 -0700
Processing by CreaturesController#index as HTML
  Rendering creatures/index.html.erb within layouts/application
  [1m[36mCreature Load (0.2ms)[0m  [1m[34mSELECT "creatures".* FROM "creatures"[0m
  Rendered creatures/index.html.erb within layouts/application (1.0ms)
Completed 200 OK in 16ms (Views: 14.4ms | ActiveRecord: 0.2ms)


Started GET "/creatures/1" for 127.0.0.1 at 2017-05-22 00:07:23 -0700
Processing by CreaturesController#show as HTML
  Parameters: {"id"=>"1"}
  [1m[36mCreature Load (4.6ms)[0m  [1m[34mSELECT  "creatures".* FROM "creatures" WHERE "creatures"."id" = $1 LIMIT $2[0m  [["id", 1], ["LIMIT", 1]]
  Rendering creatures/show.html.erb within layouts/application
  Rendered creatures/show.html.erb within layouts/application (0.4ms)
Completed 200 OK in 42ms (Views: 11.6ms | ActiveRecord: 4.8ms)


Started GET "/creatures/1/edit" for 127.0.0.1 at 2017-05-22 00:07:27 -0700
Processing by CreaturesController#edit as HTML
  Parameters: {"id"=>"1"}
  [1m[36mCreature Load (0.2ms)[0m  [1m[34mSELECT  "creatures".* FROM "creatures" WHERE "creatures"."id" = $1 LIMIT $2[0m  [["id", 1], ["LIMIT", 1]]
  Rendering creatures/edit.html.erb within layouts/application
  Rendered creatures/edit.html.erb within layouts/application (1.5ms)
Completed 200 OK in 16ms (Views: 13.3ms | ActiveRecord: 0.4ms)


Started GET "/creatures" for 127.0.0.1 at 2017-05-22 00:10:04 -0700
Processing by CreaturesController#index as HTML
  Rendering creatures/index.html.erb within layouts/application
  [1m[36mCreature Load (0.5ms)[0m  [1m[34mSELECT "creatures".* FROM "creatures"[0m
  Rendered creatures/index.html.erb within layouts/application (7.7ms)
Completed 200 OK in 33ms (Views: 24.8ms | ActiveRecord: 2.8ms)


Started GET "/creatures/1" for 127.0.0.1 at 2017-05-22 00:10:05 -0700
Processing by CreaturesController#show as HTML
  Parameters: {"id"=>"1"}
  [1m[36mCreature Load (0.3ms)[0m  [1m[34mSELECT  "creatures".* FROM "creatures" WHERE "creatures"."id" = $1 LIMIT $2[0m  [["id", 1], ["LIMIT", 1]]
  Rendering creatures/show.html.erb within layouts/application
  Rendered creatures/show.html.erb within layouts/application (1.6ms)
Completed 200 OK in 33ms (Views: 28.8ms | ActiveRecord: 0.3ms)


Started DELETE "/creatures/1" for 127.0.0.1 at 2017-05-22 00:10:06 -0700
  
AbstractController::ActionNotFound (The action 'destroy' could not be found for CreaturesController):
  
actionpack (5.0.3) lib/abstract_controller/base.rb:121:in `process'
actionview (5.0.3) lib/action_view/rendering.rb:30:in `process'
actionpack (5.0.3) lib/action_controller/metal.rb:190:in `dispatch'
actionpack (5.0.3) lib/action_controller/metal.rb:262:in `dispatch'
actionpack (5.0.3) lib/action_dispatch/routing/route_set.rb:50:in `dispatch'
actionpack (5.0.3) lib/action_dispatch/routing/route_set.rb:32:in `serve'
actionpack (5.0.3) lib/action_dispatch/journey/router.rb:39:in `block in serve'
actionpack (5.0.3) lib/action_dispatch/journey/router.rb:26:in `each'
actionpack (5.0.3) lib/action_dispatch/journey/router.rb:26:in `serve'
actionpack (5.0.3) lib/action_dispatch/routing/route_set.rb:725:in `call'
rack (2.0.3) lib/rack/etag.rb:25:in `call'
rack (2.0.3) lib/rack/conditional_get.rb:38:in `call'
rack (2.0.3) lib/rack/head.rb:12:in `call'
rack (2.0.3) lib/rack/session/abstract/id.rb:232:in `context'
rack (2.0.3) lib/rack/session/abstract/id.rb:226:in `call'
actionpack (5.0.3) lib/action_dispatch/middleware/cookies.rb:613:in `call'
activerecord (5.0.3) lib/active_record/migration.rb:553:in `call'
actionpack (5.0.3) lib/action_dispatch/middleware/callbacks.rb:38:in `block in call'
activesupport (5.0.3) lib/active_support/callbacks.rb:97:in `__run_callbacks__'
activesupport (5.0.3) lib/active_support/callbacks.rb:750:in `_run_call_callbacks'
activesupport (5.0.3) lib/active_support/callbacks.rb:90:in `run_callbacks'
actionpack (5.0.3) lib/action_dispatch/middleware/callbacks.rb:36:in `call'
actionpack (5.0.3) lib/action_dispatch/middleware/executor.rb:12:in `call'
actionpack (5.0.3) lib/action_dispatch/middleware/remote_ip.rb:79:in `call'
actionpack (5.0.3) lib/action_dispatch/middleware/debug_exceptions.rb:49:in `call'
web-console (3.5.1) lib/web_console/middleware.rb:135:in `call_app'
web-console (3.5.1) lib/web_console/middleware.rb:28:in `block in call'
web-console (3.5.1) lib/web_console/middleware.rb:18:in `catch'
web-console (3.5.1) lib/web_console/middleware.rb:18:in `call'
actionpack (5.0.3) lib/action_dispatch/middleware/show_exceptions.rb:31:in `call'
railties (5.0.3) lib/rails/rack/logger.rb:36:in `call_app'
railties (5.0.3) lib/rails/rack/logger.rb:24:in `block in call'
activesupport (5.0.3) lib/active_support/tagged_logging.rb:69:in `block in tagged'
activesupport (5.0.3) lib/active_support/tagged_logging.rb:26:in `tagged'
activesupport (5.0.3) lib/active_support/tagged_logging.rb:69:in `tagged'
railties (5.0.3) lib/rails/rack/logger.rb:24:in `call'
sprockets-rails (3.2.0) lib/sprockets/rails/quiet_assets.rb:13:in `call'
actionpack (5.0.3) lib/action_dispatch/middleware/request_id.rb:24:in `call'
rack (2.0.3) lib/rack/method_override.rb:22:in `call'
rack (2.0.3) lib/rack/runtime.rb:22:in `call'
activesupport (5.0.3) lib/active_support/cache/strategy/local_cache_middleware.rb:28:in `call'
actionpack (5.0.3) lib/action_dispatch/middleware/executor.rb:12:in `call'
actionpack (5.0.3) lib/action_dispatch/middleware/static.rb:136:in `call'
rack (2.0.3) lib/rack/sendfile.rb:111:in `call'
railties (5.0.3) lib/rails/engine.rb:522:in `call'
puma (3.8.2) lib/puma/configuration.rb:224:in `call'
puma (3.8.2) lib/puma/server.rb:600:in `handle_request'
puma (3.8.2) lib/puma/server.rb:435:in `process_client'
puma (3.8.2) lib/puma/server.rb:299:in `block in run'
puma (3.8.2) lib/puma/thread_pool.rb:120:in `block in spawn_thread'
  Rendering /Users/sejin/.rvm/gems/ruby-2.4.0/gems/actionpack-5.0.3/lib/action_dispatch/middleware/templates/rescues/unknown_action.html.erb within rescues/layout
  Rendered /Users/sejin/.rvm/gems/ruby-2.4.0/gems/actionpack-5.0.3/lib/action_dispatch/middleware/templates/rescues/unknown_action.html.erb within rescues/layout (0.6ms)
Started DELETE "/creatures/1" for 127.0.0.1 at 2017-05-22 00:10:16 -0700
  
AbstractController::ActionNotFound (The action 'destroy' could not be found for CreaturesController):
  
actionpack (5.0.3) lib/abstract_controller/base.rb:121:in `process'
actionview (5.0.3) lib/action_view/rendering.rb:30:in `process'
actionpack (5.0.3) lib/action_controller/metal.rb:190:in `dispatch'
actionpack (5.0.3) lib/action_controller/metal.rb:262:in `dispatch'
actionpack (5.0.3) lib/action_dispatch/routing/route_set.rb:50:in `dispatch'
actionpack (5.0.3) lib/action_dispatch/routing/route_set.rb:32:in `serve'
actionpack (5.0.3) lib/action_dispatch/journey/router.rb:39:in `block in serve'
actionpack (5.0.3) lib/action_dispatch/journey/router.rb:26:in `each'
actionpack (5.0.3) lib/action_dispatch/journey/router.rb:26:in `serve'
actionpack (5.0.3) lib/action_dispatch/routing/route_set.rb:725:in `call'
rack (2.0.3) lib/rack/etag.rb:25:in `call'
rack (2.0.3) lib/rack/conditional_get.rb:38:in `call'
rack (2.0.3) lib/rack/head.rb:12:in `call'
rack (2.0.3) lib/rack/session/abstract/id.rb:232:in `context'
rack (2.0.3) lib/rack/session/abstract/id.rb:226:in `call'
actionpack (5.0.3) lib/action_dispatch/middleware/cookies.rb:613:in `call'
activerecord (5.0.3) lib/active_record/migration.rb:553:in `call'
actionpack (5.0.3) lib/action_dispatch/middleware/callbacks.rb:38:in `block in call'
activesupport (5.0.3) lib/active_support/callbacks.rb:97:in `__run_callbacks__'
activesupport (5.0.3) lib/active_support/callbacks.rb:750:in `_run_call_callbacks'
activesupport (5.0.3) lib/active_support/callbacks.rb:90:in `run_callbacks'
actionpack (5.0.3) lib/action_dispatch/middleware/callbacks.rb:36:in `call'
actionpack (5.0.3) lib/action_dispatch/middleware/executor.rb:12:in `call'
actionpack (5.0.3) lib/action_dispatch/middleware/remote_ip.rb:79:in `call'
actionpack (5.0.3) lib/action_dispatch/middleware/debug_exceptions.rb:49:in `call'
web-console (3.5.1) lib/web_console/middleware.rb:135:in `call_app'
web-console (3.5.1) lib/web_console/middleware.rb:28:in `block in call'
web-console (3.5.1) lib/web_console/middleware.rb:18:in `catch'
web-console (3.5.1) lib/web_console/middleware.rb:18:in `call'
actionpack (5.0.3) lib/action_dispatch/middleware/show_exceptions.rb:31:in `call'
railties (5.0.3) lib/rails/rack/logger.rb:36:in `call_app'
railties (5.0.3) lib/rails/rack/logger.rb:24:in `block in call'
activesupport (5.0.3) lib/active_support/tagged_logging.rb:69:in `block in tagged'
activesupport (5.0.3) lib/active_support/tagged_logging.rb:26:in `tagged'
activesupport (5.0.3) lib/active_support/tagged_logging.rb:69:in `tagged'
railties (5.0.3) lib/rails/rack/logger.rb:24:in `call'
sprockets-rails (3.2.0) lib/sprockets/rails/quiet_assets.rb:13:in `call'
actionpack (5.0.3) lib/action_dispatch/middleware/request_id.rb:24:in `call'
rack (2.0.3) lib/rack/method_override.rb:22:in `call'
rack (2.0.3) lib/rack/runtime.rb:22:in `call'
activesupport (5.0.3) lib/active_support/cache/strategy/local_cache_middleware.rb:28:in `call'
actionpack (5.0.3) lib/action_dispatch/middleware/executor.rb:12:in `call'
actionpack (5.0.3) lib/action_dispatch/middleware/static.rb:136:in `call'
rack (2.0.3) lib/rack/sendfile.rb:111:in `call'
railties (5.0.3) lib/rails/engine.rb:522:in `call'
puma (3.8.2) lib/puma/configuration.rb:224:in `call'
puma (3.8.2) lib/puma/server.rb:600:in `handle_request'
puma (3.8.2) lib/puma/server.rb:435:in `process_client'
puma (3.8.2) lib/puma/server.rb:299:in `block in run'
puma (3.8.2) lib/puma/thread_pool.rb:120:in `block in spawn_thread'
  Rendering /Users/sejin/.rvm/gems/ruby-2.4.0/gems/actionpack-5.0.3/lib/action_dispatch/middleware/templates/rescues/unknown_action.html.erb within rescues/layout
  Rendered /Users/sejin/.rvm/gems/ruby-2.4.0/gems/actionpack-5.0.3/lib/action_dispatch/middleware/templates/rescues/unknown_action.html.erb within rescues/layout (0.4ms)
Started GET "/creatures" for 127.0.0.1 at 2017-05-22 00:10:41 -0700
Processing by CreaturesController#index as HTML
  Rendering creatures/index.html.erb within layouts/application
  [1m[36mCreature Load (0.3ms)[0m  [1m[34mSELECT "creatures".* FROM "creatures"[0m
  Rendered creatures/index.html.erb within layouts/application (4.8ms)
Completed 200 OK in 24ms (Views: 19.0ms | ActiveRecord: 0.3ms)


Started DELETE "/creatures/1" for 127.0.0.1 at 2017-05-22 00:10:44 -0700
  
AbstractController::ActionNotFound (The action 'destroy' could not be found for CreaturesController):
  
actionpack (5.0.3) lib/abstract_controller/base.rb:121:in `process'
actionview (5.0.3) lib/action_view/rendering.rb:30:in `process'
actionpack (5.0.3) lib/action_controller/metal.rb:190:in `dispatch'
actionpack (5.0.3) lib/action_controller/metal.rb:262:in `dispatch'
actionpack (5.0.3) lib/action_dispatch/routing/route_set.rb:50:in `dispatch'
actionpack (5.0.3) lib/action_dispatch/routing/route_set.rb:32:in `serve'
actionpack (5.0.3) lib/action_dispatch/journey/router.rb:39:in `block in serve'
actionpack (5.0.3) lib/action_dispatch/journey/router.rb:26:in `each'
actionpack (5.0.3) lib/action_dispatch/journey/router.rb:26:in `serve'
actionpack (5.0.3) lib/action_dispatch/routing/route_set.rb:725:in `call'
rack (2.0.3) lib/rack/etag.rb:25:in `call'
rack (2.0.3) lib/rack/conditional_get.rb:38:in `call'
rack (2.0.3) lib/rack/head.rb:12:in `call'
rack (2.0.3) lib/rack/session/abstract/id.rb:232:in `context'
rack (2.0.3) lib/rack/session/abstract/id.rb:226:in `call'
actionpack (5.0.3) lib/action_dispatch/middleware/cookies.rb:613:in `call'
activerecord (5.0.3) lib/active_record/migration.rb:553:in `call'
actionpack (5.0.3) lib/action_dispatch/middleware/callbacks.rb:38:in `block in call'
activesupport (5.0.3) lib/active_support/callbacks.rb:97:in `__run_callbacks__'
activesupport (5.0.3) lib/active_support/callbacks.rb:750:in `_run_call_callbacks'
activesupport (5.0.3) lib/active_support/callbacks.rb:90:in `run_callbacks'
actionpack (5.0.3) lib/action_dispatch/middleware/callbacks.rb:36:in `call'
actionpack (5.0.3) lib/action_dispatch/middleware/executor.rb:12:in `call'
actionpack (5.0.3) lib/action_dispatch/middleware/remote_ip.rb:79:in `call'
actionpack (5.0.3) lib/action_dispatch/middleware/debug_exceptions.rb:49:in `call'
web-console (3.5.1) lib/web_console/middleware.rb:135:in `call_app'
web-console (3.5.1) lib/web_console/middleware.rb:28:in `block in call'
web-console (3.5.1) lib/web_console/middleware.rb:18:in `catch'
web-console (3.5.1) lib/web_console/middleware.rb:18:in `call'
actionpack (5.0.3) lib/action_dispatch/middleware/show_exceptions.rb:31:in `call'
railties (5.0.3) lib/rails/rack/logger.rb:36:in `call_app'
railties (5.0.3) lib/rails/rack/logger.rb:24:in `block in call'
activesupport (5.0.3) lib/active_support/tagged_logging.rb:69:in `block in tagged'
activesupport (5.0.3) lib/active_support/tagged_logging.rb:26:in `tagged'
activesupport (5.0.3) lib/active_support/tagged_logging.rb:69:in `tagged'
railties (5.0.3) lib/rails/rack/logger.rb:24:in `call'
sprockets-rails (3.2.0) lib/sprockets/rails/quiet_assets.rb:13:in `call'
actionpack (5.0.3) lib/action_dispatch/middleware/request_id.rb:24:in `call'
rack (2.0.3) lib/rack/method_override.rb:22:in `call'
rack (2.0.3) lib/rack/runtime.rb:22:in `call'
activesupport (5.0.3) lib/active_support/cache/strategy/local_cache_middleware.rb:28:in `call'
actionpack (5.0.3) lib/action_dispatch/middleware/executor.rb:12:in `call'
actionpack (5.0.3) lib/action_dispatch/middleware/static.rb:136:in `call'
rack (2.0.3) lib/rack/sendfile.rb:111:in `call'
railties (5.0.3) lib/rails/engine.rb:522:in `call'
puma (3.8.2) lib/puma/configuration.rb:224:in `call'
puma (3.8.2) lib/puma/server.rb:600:in `handle_request'
puma (3.8.2) lib/puma/server.rb:435:in `process_client'
puma (3.8.2) lib/puma/server.rb:299:in `block in run'
puma (3.8.2) lib/puma/thread_pool.rb:120:in `block in spawn_thread'
  Rendering /Users/sejin/.rvm/gems/ruby-2.4.0/gems/actionpack-5.0.3/lib/action_dispatch/middleware/templates/rescues/unknown_action.html.erb within rescues/layout
  Rendered /Users/sejin/.rvm/gems/ruby-2.4.0/gems/actionpack-5.0.3/lib/action_dispatch/middleware/templates/rescues/unknown_action.html.erb within rescues/layout (0.4ms)
Started DELETE "/creatures/1" for 127.0.0.1 at 2017-05-22 00:11:05 -0700
  
AbstractController::ActionNotFound (The action 'destroy' could not be found for CreaturesController):
  
actionpack (5.0.3) lib/abstract_controller/base.rb:121:in `process'
actionview (5.0.3) lib/action_view/rendering.rb:30:in `process'
actionpack (5.0.3) lib/action_controller/metal.rb:190:in `dispatch'
actionpack (5.0.3) lib/action_controller/metal.rb:262:in `dispatch'
actionpack (5.0.3) lib/action_dispatch/routing/route_set.rb:50:in `dispatch'
actionpack (5.0.3) lib/action_dispatch/routing/route_set.rb:32:in `serve'
actionpack (5.0.3) lib/action_dispatch/journey/router.rb:39:in `block in serve'
actionpack (5.0.3) lib/action_dispatch/journey/router.rb:26:in `each'
actionpack (5.0.3) lib/action_dispatch/journey/router.rb:26:in `serve'
actionpack (5.0.3) lib/action_dispatch/routing/route_set.rb:725:in `call'
rack (2.0.3) lib/rack/etag.rb:25:in `call'
rack (2.0.3) lib/rack/conditional_get.rb:38:in `call'
rack (2.0.3) lib/rack/head.rb:12:in `call'
rack (2.0.3) lib/rack/session/abstract/id.rb:232:in `context'
rack (2.0.3) lib/rack/session/abstract/id.rb:226:in `call'
actionpack (5.0.3) lib/action_dispatch/middleware/cookies.rb:613:in `call'
activerecord (5.0.3) lib/active_record/migration.rb:553:in `call'
actionpack (5.0.3) lib/action_dispatch/middleware/callbacks.rb:38:in `block in call'
activesupport (5.0.3) lib/active_support/callbacks.rb:97:in `__run_callbacks__'
activesupport (5.0.3) lib/active_support/callbacks.rb:750:in `_run_call_callbacks'
activesupport (5.0.3) lib/active_support/callbacks.rb:90:in `run_callbacks'
actionpack (5.0.3) lib/action_dispatch/middleware/callbacks.rb:36:in `call'
actionpack (5.0.3) lib/action_dispatch/middleware/executor.rb:12:in `call'
actionpack (5.0.3) lib/action_dispatch/middleware/remote_ip.rb:79:in `call'
actionpack (5.0.3) lib/action_dispatch/middleware/debug_exceptions.rb:49:in `call'
web-console (3.5.1) lib/web_console/middleware.rb:135:in `call_app'
web-console (3.5.1) lib/web_console/middleware.rb:28:in `block in call'
web-console (3.5.1) lib/web_console/middleware.rb:18:in `catch'
web-console (3.5.1) lib/web_console/middleware.rb:18:in `call'
actionpack (5.0.3) lib/action_dispatch/middleware/show_exceptions.rb:31:in `call'
railties (5.0.3) lib/rails/rack/logger.rb:36:in `call_app'
railties (5.0.3) lib/rails/rack/logger.rb:24:in `block in call'
activesupport (5.0.3) lib/active_support/tagged_logging.rb:69:in `block in tagged'
activesupport (5.0.3) lib/active_support/tagged_logging.rb:26:in `tagged'
activesupport (5.0.3) lib/active_support/tagged_logging.rb:69:in `tagged'
railties (5.0.3) lib/rails/rack/logger.rb:24:in `call'
sprockets-rails (3.2.0) lib/sprockets/rails/quiet_assets.rb:13:in `call'
actionpack (5.0.3) lib/action_dispatch/middleware/request_id.rb:24:in `call'
rack (2.0.3) lib/rack/method_override.rb:22:in `call'
rack (2.0.3) lib/rack/runtime.rb:22:in `call'
activesupport (5.0.3) lib/active_support/cache/strategy/local_cache_middleware.rb:28:in `call'
actionpack (5.0.3) lib/action_dispatch/middleware/executor.rb:12:in `call'
actionpack (5.0.3) lib/action_dispatch/middleware/static.rb:136:in `call'
rack (2.0.3) lib/rack/sendfile.rb:111:in `call'
railties (5.0.3) lib/rails/engine.rb:522:in `call'
puma (3.8.2) lib/puma/configuration.rb:224:in `call'
puma (3.8.2) lib/puma/server.rb:600:in `handle_request'
puma (3.8.2) lib/puma/server.rb:435:in `process_client'
puma (3.8.2) lib/puma/server.rb:299:in `block in run'
puma (3.8.2) lib/puma/thread_pool.rb:120:in `block in spawn_thread'
  Rendering /Users/sejin/.rvm/gems/ruby-2.4.0/gems/actionpack-5.0.3/lib/action_dispatch/middleware/templates/rescues/unknown_action.html.erb within rescues/layout
  Rendered /Users/sejin/.rvm/gems/ruby-2.4.0/gems/actionpack-5.0.3/lib/action_dispatch/middleware/templates/rescues/unknown_action.html.erb within rescues/layout (0.3ms)
Started DELETE "/creatures/1" for 127.0.0.1 at 2017-05-22 00:11:07 -0700
  
AbstractController::ActionNotFound (The action 'destroy' could not be found for CreaturesController):
  
actionpack (5.0.3) lib/abstract_controller/base.rb:121:in `process'
actionview (5.0.3) lib/action_view/rendering.rb:30:in `process'
actionpack (5.0.3) lib/action_controller/metal.rb:190:in `dispatch'
actionpack (5.0.3) lib/action_controller/metal.rb:262:in `dispatch'
actionpack (5.0.3) lib/action_dispatch/routing/route_set.rb:50:in `dispatch'
actionpack (5.0.3) lib/action_dispatch/routing/route_set.rb:32:in `serve'
actionpack (5.0.3) lib/action_dispatch/journey/router.rb:39:in `block in serve'
actionpack (5.0.3) lib/action_dispatch/journey/router.rb:26:in `each'
actionpack (5.0.3) lib/action_dispatch/journey/router.rb:26:in `serve'
actionpack (5.0.3) lib/action_dispatch/routing/route_set.rb:725:in `call'
rack (2.0.3) lib/rack/etag.rb:25:in `call'
rack (2.0.3) lib/rack/conditional_get.rb:38:in `call'
rack (2.0.3) lib/rack/head.rb:12:in `call'
rack (2.0.3) lib/rack/session/abstract/id.rb:232:in `context'
rack (2.0.3) lib/rack/session/abstract/id.rb:226:in `call'
actionpack (5.0.3) lib/action_dispatch/middleware/cookies.rb:613:in `call'
activerecord (5.0.3) lib/active_record/migration.rb:553:in `call'
actionpack (5.0.3) lib/action_dispatch/middleware/callbacks.rb:38:in `block in call'
activesupport (5.0.3) lib/active_support/callbacks.rb:97:in `__run_callbacks__'
activesupport (5.0.3) lib/active_support/callbacks.rb:750:in `_run_call_callbacks'
activesupport (5.0.3) lib/active_support/callbacks.rb:90:in `run_callbacks'
actionpack (5.0.3) lib/action_dispatch/middleware/callbacks.rb:36:in `call'
actionpack (5.0.3) lib/action_dispatch/middleware/executor.rb:12:in `call'
actionpack (5.0.3) lib/action_dispatch/middleware/remote_ip.rb:79:in `call'
actionpack (5.0.3) lib/action_dispatch/middleware/debug_exceptions.rb:49:in `call'
web-console (3.5.1) lib/web_console/middleware.rb:135:in `call_app'
web-console (3.5.1) lib/web_console/middleware.rb:28:in `block in call'
web-console (3.5.1) lib/web_console/middleware.rb:18:in `catch'
web-console (3.5.1) lib/web_console/middleware.rb:18:in `call'
actionpack (5.0.3) lib/action_dispatch/middleware/show_exceptions.rb:31:in `call'
railties (5.0.3) lib/rails/rack/logger.rb:36:in `call_app'
railties (5.0.3) lib/rails/rack/logger.rb:24:in `block in call'
activesupport (5.0.3) lib/active_support/tagged_logging.rb:69:in `block in tagged'
activesupport (5.0.3) lib/active_support/tagged_logging.rb:26:in `tagged'
activesupport (5.0.3) lib/active_support/tagged_logging.rb:69:in `tagged'
railties (5.0.3) lib/rails/rack/logger.rb:24:in `call'
sprockets-rails (3.2.0) lib/sprockets/rails/quiet_assets.rb:13:in `call'
actionpack (5.0.3) lib/action_dispatch/middleware/request_id.rb:24:in `call'
rack (2.0.3) lib/rack/method_override.rb:22:in `call'
rack (2.0.3) lib/rack/runtime.rb:22:in `call'
activesupport (5.0.3) lib/active_support/cache/strategy/local_cache_middleware.rb:28:in `call'
actionpack (5.0.3) lib/action_dispatch/middleware/executor.rb:12:in `call'
actionpack (5.0.3) lib/action_dispatch/middleware/static.rb:136:in `call'
rack (2.0.3) lib/rack/sendfile.rb:111:in `call'
railties (5.0.3) lib/rails/engine.rb:522:in `call'
puma (3.8.2) lib/puma/configuration.rb:224:in `call'
puma (3.8.2) lib/puma/server.rb:600:in `handle_request'
puma (3.8.2) lib/puma/server.rb:435:in `process_client'
puma (3.8.2) lib/puma/server.rb:299:in `block in run'
puma (3.8.2) lib/puma/thread_pool.rb:120:in `block in spawn_thread'
  Rendering /Users/sejin/.rvm/gems/ruby-2.4.0/gems/actionpack-5.0.3/lib/action_dispatch/middleware/templates/rescues/unknown_action.html.erb within rescues/layout
  Rendered /Users/sejin/.rvm/gems/ruby-2.4.0/gems/actionpack-5.0.3/lib/action_dispatch/middleware/templates/rescues/unknown_action.html.erb within rescues/layout (0.3ms)
Started GET "/creatures" for 127.0.0.1 at 2017-05-22 09:17:12 -0700
Processing by CreaturesController#index as HTML
  Rendering creatures/index.html.erb within layouts/application
  [1m[36mCreature Load (10.6ms)[0m  [1m[34mSELECT "creatures".* FROM "creatures"[0m
  Rendered creatures/index.html.erb within layouts/application (54.9ms)
Completed 200 OK in 128ms (Views: 65.2ms | ActiveRecord: 33.2ms)


Started GET "/creatures" for 127.0.0.1 at 2017-05-22 09:31:05 -0700
Processing by CreaturesController#index as HTML
  Rendering creatures/index.html.erb within layouts/application
  [1m[36mCreature Load (0.7ms)[0m  [1m[34mSELECT "creatures".* FROM "creatures"[0m
  Rendered creatures/index.html.erb within layouts/application (2.6ms)
Completed 200 OK in 32ms (Views: 28.7ms | ActiveRecord: 0.7ms)


Started GET "/creatures" for 127.0.0.1 at 2017-05-22 09:31:07 -0700
Processing by CreaturesController#index as HTML
  Rendering creatures/index.html.erb within layouts/application
  [1m[36mCreature Load (0.4ms)[0m  [1m[34mSELECT "creatures".* FROM "creatures"[0m
  Rendered creatures/index.html.erb within layouts/application (2.4ms)
Completed 200 OK in 32ms (Views: 28.4ms | ActiveRecord: 0.4ms)


Started GET "/creatures" for 127.0.0.1 at 2017-05-22 09:31:34 -0700
Processing by CreaturesController#index as HTML
  Rendering creatures/index.html.erb within layouts/application
  [1m[36mCreature Load (0.4ms)[0m  [1m[34mSELECT "creatures".* FROM "creatures"[0m
  Rendered creatures/index.html.erb within layouts/application (2.9ms)
Completed 200 OK in 69ms (Views: 66.8ms | ActiveRecord: 0.4ms)


Started GET "/creatures/new" for 127.0.0.1 at 2017-05-22 09:31:42 -0700
Processing by CreaturesController#new as HTML
  Rendering creatures/new.html.erb within layouts/application
  Rendered creatures/new.html.erb within layouts/application (1.6ms)
Completed 200 OK in 24ms (Views: 22.5ms | ActiveRecord: 0.0ms)


  
ActionController::RoutingError (No route matches [GET] "/assets/bootstrap.min.css.map"):
  
actionpack (5.0.3) lib/action_dispatch/middleware/debug_exceptions.rb:53:in `call'
web-console (3.5.1) lib/web_console/middleware.rb:135:in `call_app'
web-console (3.5.1) lib/web_console/middleware.rb:28:in `block in call'
web-console (3.5.1) lib/web_console/middleware.rb:18:in `catch'
web-console (3.5.1) lib/web_console/middleware.rb:18:in `call'
actionpack (5.0.3) lib/action_dispatch/middleware/show_exceptions.rb:31:in `call'
railties (5.0.3) lib/rails/rack/logger.rb:36:in `call_app'
railties (5.0.3) lib/rails/rack/logger.rb:24:in `block in call'
activesupport (5.0.3) lib/active_support/tagged_logging.rb:69:in `block in tagged'
activesupport (5.0.3) lib/active_support/tagged_logging.rb:26:in `tagged'
activesupport (5.0.3) lib/active_support/tagged_logging.rb:69:in `tagged'
railties (5.0.3) lib/rails/rack/logger.rb:24:in `call'
sprockets-rails (3.2.0) lib/sprockets/rails/quiet_assets.rb:11:in `block in call'
activesupport (5.0.3) lib/active_support/logger_silence.rb:20:in `silence'
activesupport (5.0.3) lib/active_support/logger.rb:63:in `block (3 levels) in broadcast'
activesupport (5.0.3) lib/active_support/logger_silence.rb:20:in `silence'
activesupport (5.0.3) lib/active_support/logger.rb:61:in `block (2 levels) in broadcast'
sprockets-rails (3.2.0) lib/sprockets/rails/quiet_assets.rb:11:in `call'
actionpack (5.0.3) lib/action_dispatch/middleware/request_id.rb:24:in `call'
rack (2.0.3) lib/rack/method_override.rb:22:in `call'
rack (2.0.3) lib/rack/runtime.rb:22:in `call'
activesupport (5.0.3) lib/active_support/cache/strategy/local_cache_middleware.rb:28:in `call'
actionpack (5.0.3) lib/action_dispatch/middleware/executor.rb:12:in `call'
actionpack (5.0.3) lib/action_dispatch/middleware/static.rb:136:in `call'
rack (2.0.3) lib/rack/sendfile.rb:111:in `call'
railties (5.0.3) lib/rails/engine.rb:522:in `call'
puma (3.8.2) lib/puma/configuration.rb:224:in `call'
puma (3.8.2) lib/puma/server.rb:600:in `handle_request'
puma (3.8.2) lib/puma/server.rb:435:in `process_client'
puma (3.8.2) lib/puma/server.rb:299:in `block in run'
puma (3.8.2) lib/puma/thread_pool.rb:120:in `block in spawn_thread'
Started GET "/creatures" for 127.0.0.1 at 2017-05-22 09:32:33 -0700
Processing by CreaturesController#index as HTML
  Rendering creatures/index.html.erb within layouts/application
  [1m[36mCreature Load (0.4ms)[0m  [1m[34mSELECT "creatures".* FROM "creatures"[0m
  Rendered creatures/index.html.erb within layouts/application (1.7ms)
Completed 500 Internal Server Error in 18ms (ActiveRecord: 0.4ms)


  
ActionView::Template::Error (require_self can only be called once per source file):
    3:   <head>
    4:     <title>BogApp</title>
    5:     <%= csrf_meta_tags %>
    6:     <%= stylesheet_link_tag    'application', media: 'all', 'data-turbolinks-track': 'reload' %>
    7:     <%= javascript_include_tag 'application', 'data-turbolinks-track': 'reload' %>
    8:   </head>
    9: 
  
app/assets/stylesheets/application.css:24
app/views/layouts/application.html.erb:6:in `_app_views_layouts_application_html_erb__1127541859928009313_70306739596900'
  Rendering /Users/sejin/.rvm/gems/ruby-2.4.0/gems/actionpack-5.0.3/lib/action_dispatch/middleware/templates/rescues/template_error.html.erb within rescues/layout
  Rendering /Users/sejin/.rvm/gems/ruby-2.4.0/gems/actionpack-5.0.3/lib/action_dispatch/middleware/templates/rescues/_source.html.erb
  Rendered /Users/sejin/.rvm/gems/ruby-2.4.0/gems/actionpack-5.0.3/lib/action_dispatch/middleware/templates/rescues/_source.html.erb (5.6ms)
  Rendering /Users/sejin/.rvm/gems/ruby-2.4.0/gems/actionpack-5.0.3/lib/action_dispatch/middleware/templates/rescues/_trace.html.erb
  Rendered /Users/sejin/.rvm/gems/ruby-2.4.0/gems/actionpack-5.0.3/lib/action_dispatch/middleware/templates/rescues/_trace.html.erb (1.8ms)
  Rendering /Users/sejin/.rvm/gems/ruby-2.4.0/gems/actionpack-5.0.3/lib/action_dispatch/middleware/templates/rescues/_request_and_response.html.erb
  Rendered /Users/sejin/.rvm/gems/ruby-2.4.0/gems/actionpack-5.0.3/lib/action_dispatch/middleware/templates/rescues/_request_and_response.html.erb (0.6ms)
  Rendered /Users/sejin/.rvm/gems/ruby-2.4.0/gems/actionpack-5.0.3/lib/action_dispatch/middleware/templates/rescues/template_error.html.erb within rescues/layout (61.5ms)
Started GET "/creatures" for 127.0.0.1 at 2017-05-22 09:33:01 -0700
Processing by CreaturesController#index as HTML
  Rendering creatures/index.html.erb within layouts/application
  [1m[36mCreature Load (0.3ms)[0m  [1m[34mSELECT "creatures".* FROM "creatures"[0m
  Rendered creatures/index.html.erb within layouts/application (1.4ms)
Completed 200 OK in 29ms (Views: 26.2ms | ActiveRecord: 0.3ms)


Started GET "/creatures" for 127.0.0.1 at 2017-05-22 09:33:58 -0700
Processing by CreaturesController#index as HTML
  Rendering creatures/index.html.erb within layouts/application
  [1m[36mCreature Load (0.3ms)[0m  [1m[34mSELECT "creatures".* FROM "creatures"[0m
  Rendered creatures/index.html.erb within layouts/application (1.5ms)
Completed 200 OK in 22ms (Views: 19.6ms | ActiveRecord: 0.3ms)


Started GET "/creatures" for 127.0.0.1 at 2017-05-22 09:34:01 -0700
Processing by CreaturesController#index as HTML
  Rendering creatures/index.html.erb within layouts/application
  [1m[36mCreature Load (0.3ms)[0m  [1m[34mSELECT "creatures".* FROM "creatures"[0m
  Rendered creatures/index.html.erb within layouts/application (1.5ms)
Completed 200 OK in 27ms (Views: 24.7ms | ActiveRecord: 0.3ms)


Started GET "/creatures" for 127.0.0.1 at 2017-05-22 09:54:44 -0700
Processing by CreaturesController#index as HTML
  Rendering creatures/index.html.erb within layouts/application
  [1m[36mCreature Load (0.3ms)[0m  [1m[34mSELECT "creatures".* FROM "creatures"[0m
  Rendered creatures/index.html.erb within layouts/application (1.7ms)
Completed 200 OK in 26ms (Views: 23.4ms | ActiveRecord: 0.3ms)


Started GET "/creatures" for 127.0.0.1 at 2017-05-22 09:54:47 -0700
Processing by CreaturesController#index as HTML
  Rendering creatures/index.html.erb within layouts/application
  [1m[36mCreature Load (0.3ms)[0m  [1m[34mSELECT "creatures".* FROM "creatures"[0m
  Rendered creatures/index.html.erb within layouts/application (1.6ms)
Completed 200 OK in 23ms (Views: 20.8ms | ActiveRecord: 0.3ms)


Started GET "/static/media/base.e4750521.jpg" for 127.0.0.1 at 2017-05-22 09:55:38 -0700
  
ActionController::RoutingError (No route matches [GET] "/static/media/base.e4750521.jpg"):
  
actionpack (5.0.3) lib/action_dispatch/middleware/debug_exceptions.rb:53:in `call'
web-console (3.5.1) lib/web_console/middleware.rb:135:in `call_app'
web-console (3.5.1) lib/web_console/middleware.rb:28:in `block in call'
web-console (3.5.1) lib/web_console/middleware.rb:18:in `catch'
web-console (3.5.1) lib/web_console/middleware.rb:18:in `call'
actionpack (5.0.3) lib/action_dispatch/middleware/show_exceptions.rb:31:in `call'
railties (5.0.3) lib/rails/rack/logger.rb:36:in `call_app'
railties (5.0.3) lib/rails/rack/logger.rb:24:in `block in call'
activesupport (5.0.3) lib/active_support/tagged_logging.rb:69:in `block in tagged'
activesupport (5.0.3) lib/active_support/tagged_logging.rb:26:in `tagged'
activesupport (5.0.3) lib/active_support/tagged_logging.rb:69:in `tagged'
railties (5.0.3) lib/rails/rack/logger.rb:24:in `call'
sprockets-rails (3.2.0) lib/sprockets/rails/quiet_assets.rb:13:in `call'
actionpack (5.0.3) lib/action_dispatch/middleware/request_id.rb:24:in `call'
rack (2.0.3) lib/rack/method_override.rb:22:in `call'
rack (2.0.3) lib/rack/runtime.rb:22:in `call'
activesupport (5.0.3) lib/active_support/cache/strategy/local_cache_middleware.rb:28:in `call'
actionpack (5.0.3) lib/action_dispatch/middleware/executor.rb:12:in `call'
actionpack (5.0.3) lib/action_dispatch/middleware/static.rb:136:in `call'
rack (2.0.3) lib/rack/sendfile.rb:111:in `call'
railties (5.0.3) lib/rails/engine.rb:522:in `call'
puma (3.8.2) lib/puma/configuration.rb:224:in `call'
puma (3.8.2) lib/puma/server.rb:600:in `handle_request'
puma (3.8.2) lib/puma/server.rb:435:in `process_client'
puma (3.8.2) lib/puma/server.rb:299:in `block in run'
puma (3.8.2) lib/puma/thread_pool.rb:120:in `block in spawn_thread'
  Rendering /Users/sejin/.rvm/gems/ruby-2.4.0/gems/actionpack-5.0.3/lib/action_dispatch/middleware/templates/rescues/routing_error.html.erb within rescues/layout
  Rendering /Users/sejin/.rvm/gems/ruby-2.4.0/gems/actionpack-5.0.3/lib/action_dispatch/middleware/templates/rescues/_trace.html.erb
  Rendered /Users/sejin/.rvm/gems/ruby-2.4.0/gems/actionpack-5.0.3/lib/action_dispatch/middleware/templates/rescues/_trace.html.erb (1.1ms)
  Rendered collection of /Users/sejin/.rvm/gems/ruby-2.4.0/gems/actionpack-5.0.3/lib/action_dispatch/middleware/templates/routes/_route.html.erb [8 times] (2.1ms)
  Rendered /Users/sejin/.rvm/gems/ruby-2.4.0/gems/actionpack-5.0.3/lib/action_dispatch/middleware/templates/routes/_table.html.erb (0.9ms)
  Rendering /Users/sejin/.rvm/gems/ruby-2.4.0/gems/actionpack-5.0.3/lib/action_dispatch/middleware/templates/rescues/_request_and_response.html.erb
  Rendered /Users/sejin/.rvm/gems/ruby-2.4.0/gems/actionpack-5.0.3/lib/action_dispatch/middleware/templates/rescues/_request_and_response.html.erb (1.0ms)
  Rendered /Users/sejin/.rvm/gems/ruby-2.4.0/gems/actionpack-5.0.3/lib/action_dispatch/middleware/templates/rescues/routing_error.html.erb within rescues/layout (66.6ms)
Started GET "/creatures" for 127.0.0.1 at 2017-05-22 09:55:41 -0700
Processing by CreaturesController#index as HTML
  Rendering creatures/index.html.erb within layouts/application
  [1m[36mCreature Load (0.3ms)[0m  [1m[34mSELECT "creatures".* FROM "creatures"[0m
  Rendered creatures/index.html.erb within layouts/application (1.4ms)
Completed 200 OK in 30ms (Views: 27.9ms | ActiveRecord: 0.3ms)


Started GET "/creatures" for 127.0.0.1 at 2017-05-22 09:56:00 -0700
Processing by CreaturesController#index as HTML
  Rendering creatures/index.html.erb within layouts/application
  [1m[36mCreature Load (0.3ms)[0m  [1m[34mSELECT "creatures".* FROM "creatures"[0m
  Rendered creatures/index.html.erb within layouts/application (1.1ms)
Completed 200 OK in 16ms (Views: 14.7ms | ActiveRecord: 0.3ms)


